<?xml version="1.0" encoding="UTF-8"?>
<!-- Generated by org.testng.reporters.JUnitXMLReporter -->
<testsuite ignored="0" hostname="DESKTOP-SVOPH10" failures="0" tests="3" name="Default test" time="0.055" errors="0" timestamp="2020-07-28T21:41:03 EDT">
  <testcase classname="com.hrms.tdd.TDD" name="knockingDoor" time="0.008"/>
  <testcase classname="com.hrms.tdd.TDD" name="openingDoor" time="0.002"/>
  <testcase classname="com.hrms.tdd.TDD" name="closingDoor" time="0.001"/>
</testsuite> <!-- Default test -->
