<?xml version="1.0" encoding="UTF-8"?>
<testsuite xmlns:xsi="http://www.w3.org/2001/XMLSchema-instance" xsi:noNamespaceSchemaLocation="https://maven.apache.org/surefire/maven-surefire-plugin/xsd/surefire-test-report-3.0.xsd" version="3.0" name="com.hrms.runners.SmokeRunner" time="15.083" tests="4" errors="0" skipped="0" failures="2">
  <properties>
[...]
</properties>
  <testcase name="Error message validation while invalid login" classname="Login" time="5.009">
    <failure message="Not correct error message is displayed expected:&lt;Invalid [C]redentials&gt; but was:&lt;Invalid [c]redentials&gt;" type="org.junit.ComparisonFailure"><![CDATA[org.junit.ComparisonFailure: Not correct error message is displayed expected:<Invalid [C]redentials> but was:<Invalid [c]redentials>
]]></failure>
    <system-out><![CDATA[
@sprint5 @login @reporting
Scenario Outline: Error message validation while invalid login # src/test/resources/features/Login.feature:24
  When user enter "Admin" and "Admin123"                       # com.hrms.steps.LoginSteps.user_enter_valid_and(java.lang.String,java.lang.String)
  And user click on login button                               # com.hrms.steps.LoginSteps.user_click_on_login_button()
  Then user see "Invalid Credentials"                          # com.hrms.steps.LoginSteps.user_see(java.lang.String)
      org.junit.ComparisonFailure: Not correct error message is displayed expected:<Invalid [C]redentials> but was:<Invalid [c]redentials>
	at org.junit.Assert.assertEquals(Assert.java:117)
	at com.hrms.steps.LoginSteps.user_see(LoginSteps.java:76)
	at ✽.user see "Invalid Credentials"(file:///Users/syntax/eclipse-workspace/Batch6/Hrms/src/test/resources/features/Login.feature:20)


    Embedding Error message validation while invalid login [image/png 75947 bytes]

]]></system-out>
    <system-err><![CDATA[SLF4J: Failed to load class "org.slf4j.impl.StaticLoggerBinder".
SLF4J: Defaulting to no-operation (NOP) logger implementation
SLF4J: See http://www.slf4j.org/codes.html#StaticLoggerBinder for further details.
Starting ChromeDriver 83.0.4103.39 (ccbf011cb2d2b19b506d844400483861342c20cd-refs/branch-heads/4103@{#416}) on port 48288
Only local connections are allowed.
Please see https://chromedriver.chromium.org/security-considerations for suggestions on keeping ChromeDriver safe.
ChromeDriver was started successfully.
Jun 10, 2020 9:51:37 PM org.openqa.selenium.remote.ProtocolHandshake createSession
INFO: Detected dialect: W3C
]]></system-err>
  </testcase>
  <testcase name="Error message validation while invalid login" classname="Login" time="3.278">
    <failure message="Not correct error message is displayed expected:&lt;Invalid [C]redentials&gt; but was:&lt;Invalid [c]redentials&gt;" type="org.junit.ComparisonFailure"><![CDATA[org.junit.ComparisonFailure: Not correct error message is displayed expected:<Invalid [C]redentials> but was:<Invalid [c]redentials>
]]></failure>
    <system-out><![CDATA[
@sprint5 @login @reporting
Scenario Outline: Error message validation while invalid login # src/test/resources/features/Login.feature:25
  When user enter "Hello" and "Syntax123!"                     # com.hrms.steps.LoginSteps.user_enter_valid_and(java.lang.String,java.lang.String)
  And user click on login button                               # com.hrms.steps.LoginSteps.user_click_on_login_button()
  Then user see "Invalid Credentials"                          # com.hrms.steps.LoginSteps.user_see(java.lang.String)
      org.junit.ComparisonFailure: Not correct error message is displayed expected:<Invalid [C]redentials> but was:<Invalid [c]redentials>
	at org.junit.Assert.assertEquals(Assert.java:117)
	at com.hrms.steps.LoginSteps.user_see(LoginSteps.java:76)
	at ✽.user see "Invalid Credentials"(file:///Users/syntax/eclipse-workspace/Batch6/Hrms/src/test/resources/features/Login.feature:20)


    Embedding Error message validation while invalid login [image/png 75947 bytes]

]]></system-out>
    <system-err><![CDATA[Starting ChromeDriver 83.0.4103.39 (ccbf011cb2d2b19b506d844400483861342c20cd-refs/branch-heads/4103@{#416}) on port 42166
Only local connections are allowed.
Please see https://chromedriver.chromium.org/security-considerations for suggestions on keeping ChromeDriver safe.
ChromeDriver was started successfully.
Jun 10, 2020 9:51:42 PM org.openqa.selenium.remote.ProtocolHandshake createSession
INFO: Detected dialect: W3C
]]></system-err>
  </testcase>
  <testcase name="Error message validation while invalid login" classname="Login" time="2.943"/>
  <testcase name="Error message validation while invalid login" classname="Login" time="3.42"/>
</testsuite>