<?xml version="1.0" encoding="UTF-8"?>
<testng-results ignored="0" total="3" passed="3" failed="0" skipped="0">
  <reporter-output>
  </reporter-output>
  <suite started-at="2020-07-28T21:41:03 EDT" name="Default suite" finished-at="2020-07-28T21:41:03 EDT" duration-ms="55">
    <groups>
    </groups>
    <test started-at="2020-07-28T21:41:03 EDT" name="Default test" finished-at="2020-07-28T21:41:03 EDT" duration-ms="55">
      <class name="com.hrms.tdd.TDD">
        <test-method signature="knockingDoor()[pri:0, instance:com.hrms.tdd.TDD@6f27a732]" started-at="2020-07-28T21:41:03 EDT" name="knockingDoor" finished-at="2020-07-28T21:41:03 EDT" duration-ms="8" status="PASS">
          <reporter-output>
          </reporter-output>
        </test-method> <!-- knockingDoor -->
        <test-method signature="openingDoor()[pri:0, instance:com.hrms.tdd.TDD@6f27a732]" started-at="2020-07-28T21:41:03 EDT" name="openingDoor" finished-at="2020-07-28T21:41:03 EDT" depends-on-methods="com.hrms.tdd.TDD.knockingDoor" duration-ms="2" status="PASS">
          <reporter-output>
          </reporter-output>
        </test-method> <!-- openingDoor -->
        <test-method signature="closingDoor()[pri:0, instance:com.hrms.tdd.TDD@6f27a732]" started-at="2020-07-28T21:41:03 EDT" name="closingDoor" finished-at="2020-07-28T21:41:03 EDT" depends-on-methods="com.hrms.tdd.TDD.openingDoor" duration-ms="1" status="PASS">
          <reporter-output>
          </reporter-output>
        </test-method> <!-- closingDoor -->
      </class> <!-- com.hrms.tdd.TDD -->
    </test> <!-- Default test -->
  </suite> <!-- Default suite -->
</testng-results>
